<?xml version="1.0" encoding="UTF-8"?>
<testng-results ignored="0" total="1" passed="1" failed="0" skipped="0">
  <reporter-output>
  </reporter-output>
  <suite started-at="2025-06-04T09:46:40 BST" name="LoginSuite" finished-at="2025-06-04T09:46:43 BST" duration-ms="2660">
    <groups>
    </groups>
    <test started-at="2025-06-04T09:46:40 BST" name="LoginTests" finished-at="2025-06-04T09:46:43 BST" duration-ms="2660">
      <class name="tests.LoginTest">
        <test-method is-config="true" signature="setUp()[pri:0, instance:tests.LoginTest@223d2c72]" started-at="2025-06-04T09:46:40 BST" name="setUp" finished-at="2025-06-04T09:46:42 BST" duration-ms="2127" status="PASS">
          <reporter-output>
          </reporter-output>
        </test-method> <!-- setUp -->
        <test-method signature="testValidLogin()[pri:0, instance:tests.LoginTest@223d2c72]" started-at="2025-06-04T09:46:42 BST" name="testValidLogin" finished-at="2025-06-04T09:46:43 BST" duration-ms="521" status="PASS">
          <reporter-output>
          </reporter-output>
        </test-method> <!-- testValidLogin -->
        <test-method is-config="true" signature="tearDown()[pri:0, instance:tests.LoginTest@223d2c72]" started-at="2025-06-04T09:46:43 BST" name="tearDown" finished-at="2025-06-04T09:46:43 BST" duration-ms="0" status="PASS">
          <reporter-output>
          </reporter-output>
        </test-method> <!-- tearDown -->
      </class> <!-- tests.LoginTest -->
    </test> <!-- LoginTests -->
  </suite> <!-- LoginSuite -->
</testng-results>
